2020-11-04 09:23:22,760 INFO o.s.c.s.AbstractApplicationContext [Thread-28] Closing org.springframework.boot.context.embedded.AnnotationConfigEmbeddedWebApplicationContext@5bad43ef: startup date [Tue Nov 03 17:11:59 IST 2020]; root of context hierarchy
2020-11-04 09:23:22,824 INFO o.s.c.s.DefaultLifecycleProcessor$LifecycleGroup [Thread-28] Stopping beans in phase 0
2020-11-04 09:23:22,827 INFO o.s.j.e.MBeanExporter [Thread-28] Unregistering JMX-exposed beans on shutdown
2020-11-04 09:23:22,829 INFO o.s.j.s.MBeanRegistrationSupport [Thread-28] Unregistering JMX-exposed beans
2020-11-04 09:23:22,832 INFO o.s.j.e.MBeanExporter [Thread-28] Unregistering JMX-exposed beans on shutdown
2020-11-04 09:23:23,793 INFO o.s.b.StartupInfoLogger [restartedMain] Starting SimpleRestApisApplication on BLRNIT90532VV with PID 17276 (started by smallika in C:\Users\smallika\Downloads\GF_Project\eCAP\sample-rest-service-1.0.0-SNAPSHOT- sources\sample-rest-service)
2020-11-04 09:23:23,794 DEBUG o.s.b.StartupInfoLogger [restartedMain] Running with Spring Boot v1.5.21.RELEASE, Spring v4.3.24.RELEASE
2020-11-04 09:23:23,794 INFO o.s.b.SpringApplication [restartedMain] No active profile set, falling back to default profiles: default
2020-11-04 09:23:23,801 INFO o.s.c.s.AbstractApplicationContext [restartedMain] Refreshing org.springframework.boot.context.embedded.AnnotationConfigEmbeddedWebApplicationContext@57c5f718: startup date [Wed Nov 04 09:23:23 IST 2020]; root of context hierarchy
2020-11-04 09:23:25,135 INFO o.s.b.c.e.t.TomcatEmbeddedServletContainer [restartedMain] Tomcat initialized with port(s): 8770 (http)
2020-11-04 09:23:25,137 INFO o.a.j.l.DirectJDKLog [restartedMain] Initializing ProtocolHandler ["http-nio-8770"]
2020-11-04 09:23:25,138 INFO o.a.j.l.DirectJDKLog [restartedMain] Starting service [Tomcat]
2020-11-04 09:23:25,139 INFO o.a.j.l.DirectJDKLog [restartedMain] Starting Servlet Engine: Apache Tomcat/8.5.40
2020-11-04 09:23:25,202 INFO o.a.j.l.DirectJDKLog [localhost-startStop-1] Initializing Spring embedded WebApplicationContext
2020-11-04 09:23:25,203 INFO o.s.b.c.e.EmbeddedWebApplicationContext [localhost-startStop-1] Root WebApplicationContext: initialization completed in 1402 ms
2020-11-04 09:23:25,311 INFO o.s.b.w.s.ServletRegistrationBean [localhost-startStop-1] Mapping servlet: 'dispatcherServlet' to [/]
2020-11-04 09:23:25,312 INFO o.s.b.w.s.AbstractFilterRegistrationBean [localhost-startStop-1] Mapping filter: 'metricsFilter' to: [/*]
2020-11-04 09:23:25,313 INFO o.s.b.w.s.AbstractFilterRegistrationBean [localhost-startStop-1] Mapping filter: 'characterEncodingFilter' to: [/*]
2020-11-04 09:23:25,313 INFO o.s.b.w.s.AbstractFilterRegistrationBean [localhost-startStop-1] Mapping filter: 'hiddenHttpMethodFilter' to: [/*]
2020-11-04 09:23:25,313 INFO o.s.b.w.s.AbstractFilterRegistrationBean [localhost-startStop-1] Mapping filter: 'httpPutFormContentFilter' to: [/*]
2020-11-04 09:23:25,314 INFO o.s.b.w.s.AbstractFilterRegistrationBean [localhost-startStop-1] Mapping filter: 'requestContextFilter' to: [/*]
2020-11-04 09:23:25,314 INFO o.s.b.w.s.AbstractFilterRegistrationBean [localhost-startStop-1] Mapping filter: 'webRequestLoggingFilter' to: [/*]
2020-11-04 09:23:25,314 INFO o.s.b.w.s.AbstractFilterRegistrationBean [localhost-startStop-1] Mapping filter: 'logFilter' to: [/*]
2020-11-04 09:23:25,314 INFO o.s.b.w.s.AbstractFilterRegistrationBean [localhost-startStop-1] Mapping filter: 'applicationContextIdFilter' to: [/*]
2020-11-04 09:23:25,316 DEBUG o.s.w.f.GenericFilterBean [localhost-startStop-1] Initializing filter 'logFilter'
2020-11-04 09:23:25,317 DEBUG o.s.w.f.GenericFilterBean [localhost-startStop-1] Filter 'logFilter' configured successfully
2020-11-04 09:23:25,516 INFO o.s.w.s.m.m.a.RequestMappingHandlerAdapter [restartedMain] Looking for @ControllerAdvice: org.springframework.boot.context.embedded.AnnotationConfigEmbeddedWebApplicationContext@57c5f718: startup date [Wed Nov 04 09:23:23 IST 2020]; root of context hierarchy
2020-11-04 09:23:25,531 INFO o.s.w.s.h.AbstractHandlerMethodMapping$MappingRegistry [restartedMain] Mapped "{[/GetLotHistory],methods=[POST],consumes=[application/json;charset=UTF-8],produces=[application/json;charset=UTF-8]}" onto public com.camline.products.ecap.external.service.handler.model.GetLotHistoryResponseSample com.camline.products.ecap.external.service.handler.controller.SampleService.GetLotHistory(com.camline.products.ecap.external.service.handler.model.GetLotHistoryRequestSample)
2020-11-04 09:23:25,532 INFO o.s.w.s.h.AbstractHandlerMethodMapping$MappingRegistry [restartedMain] Mapped "{[/sample],methods=[GET]}" onto public com.camline.products.ecap.external.service.handler.model.Sample com.camline.products.ecap.external.service.handler.controller.SampleService.getSample()
2020-11-04 09:23:25,533 INFO o.s.w.s.h.AbstractHandlerMethodMapping$MappingRegistry [restartedMain] Mapped "{[/in5out5Post],methods=[POST],consumes=[application/json;charset=UTF-8],produces=[application/json;charset=UTF-8]}" onto public com.camline.products.ecap.external.service.handler.model.SampleResponseForWebService1 com.camline.products.ecap.external.service.handler.controller.SampleService.in5out5Post(com.camline.products.ecap.external.service.handler.model.SampleRequestForWebService1)
2020-11-04 09:23:25,534 INFO o.s.w.s.h.AbstractHandlerMethodMapping$MappingRegistry [restartedMain] Mapped "{[/in3out2Get],methods=[GET]}" onto public com.camline.products.ecap.external.service.handler.model.Sample com.camline.products.ecap.external.service.handler.controller.SampleService.in3out2Get(java.lang.String,int,int)
2020-11-04 09:23:25,535 INFO o.s.w.s.h.AbstractHandlerMethodMapping$MappingRegistry [restartedMain] Mapped "{[/in3out2Post],methods=[POST],consumes=[application/json;charset=UTF-8],produces=[application/json;charset=UTF-8]}" onto public com.camline.products.ecap.external.service.handler.model.Sample com.camline.products.ecap.external.service.handler.controller.SampleService.in3out2Post(com.camline.products.ecap.external.service.handler.model.SampleRequestObject)
2020-11-04 09:23:25,535 INFO o.s.w.s.h.AbstractHandlerMethodMapping$MappingRegistry [restartedMain] Mapped "{[/in12out12Post],methods=[POST],consumes=[application/json;charset=UTF-8],produces=[application/json;charset=UTF-8]}" onto public com.camline.products.ecap.external.service.handler.model.SampleResponseForWebService2 com.camline.products.ecap.external.service.handler.controller.SampleService.in12out12Post(com.camline.products.ecap.external.service.handler.model.SampleRequestForWebService2)
2020-11-04 09:23:25,535 INFO o.s.w.s.h.AbstractHandlerMethodMapping$MappingRegistry [restartedMain] Mapped "{[/PostLotHistory/{SectionID}],methods=[POST],consumes=[application/json;charset=UTF-8],produces=[application/json;charset=UTF-8]}" onto public com.camline.products.ecap.external.service.handler.model.GetLotHistoryResponseSample com.camline.products.ecap.external.service.handler.controller.SampleService.PostLotHistory(java.lang.String,com.camline.products.ecap.external.service.handler.model.GetLotHistoryRequestSample)
2020-11-04 09:23:25,536 INFO o.s.w.s.h.AbstractHandlerMethodMapping$MappingRegistry [restartedMain] Mapped "{[/PostLotHistorywithName/{LotID}/Siddharth],methods=[POST],consumes=[application/json;charset=UTF-8],produces=[application/json;charset=UTF-8]}" onto public com.camline.products.ecap.external.service.handler.model.GetLotHistoryResponseSample com.camline.products.ecap.external.service.handler.controller.SampleService.PostLotHistoryWithOptional(java.lang.String,com.camline.products.ecap.external.service.handler.model.GetLotHistoryRequestSample)
2020-11-04 09:23:25,536 INFO o.s.w.s.h.AbstractHandlerMethodMapping$MappingRegistry [restartedMain] Mapped "{[/GetLotHistoryUsingURIParam/{LotID}/{MaxNumSteps}],methods=[GET],produces=[application/json;charset=UTF-8]}" onto public com.camline.products.ecap.external.service.handler.model.GetLotHistoryResponseSample com.camline.products.ecap.external.service.handler.controller.SampleService.getInstanceUsingURIParam(java.lang.String,java.lang.Integer)
2020-11-04 09:23:25,537 INFO o.s.w.s.h.AbstractHandlerMethodMapping$MappingRegistry [restartedMain] Mapped "{[/GetLotHistoryUsingQueryParam],methods=[GET],produces=[application/json;charset=UTF-8]}" onto public com.camline.products.ecap.external.service.handler.model.GetLotHistoryResponseSample com.camline.products.ecap.external.service.handler.controller.SampleService.getTemplateUsingQueryParam(java.lang.String,java.lang.String)
2020-11-04 09:23:25,538 INFO o.s.w.s.h.AbstractHandlerMethodMapping$MappingRegistry [restartedMain] Mapped "{[/GetLotHistoryUsingURIQueryParam/{LotID}/{MaxNumSteps}],methods=[GET],produces=[application/json;charset=UTF-8]}" onto public com.camline.products.ecap.external.service.handler.model.GetLotHistoryResponseSample com.camline.products.ecap.external.service.handler.controller.SampleService.getInstanceUsingURIQueryParam(java.lang.String,java.lang.Integer,java.lang.String,java.lang.String)
2020-11-04 09:23:25,542 INFO o.s.w.s.h.AbstractHandlerMethodMapping$MappingRegistry [restartedMain] Mapped "{[/error]}" onto public org.springframework.http.ResponseEntity<java.util.Map<java.lang.String, java.lang.Object>> org.springframework.boot.autoconfigure.web.BasicErrorController.error(javax.servlet.http.HttpServletRequest)
2020-11-04 09:23:25,542 INFO o.s.w.s.h.AbstractHandlerMethodMapping$MappingRegistry [restartedMain] Mapped "{[/error],produces=[text/html]}" onto public org.springframework.web.servlet.ModelAndView org.springframework.boot.autoconfigure.web.BasicErrorController.errorHtml(javax.servlet.http.HttpServletRequest,javax.servlet.http.HttpServletResponse)
2020-11-04 09:23:25,555 INFO o.s.w.s.h.AbstractUrlHandlerMapping [restartedMain] Mapped URL path [/webjars/**] onto handler of type [class org.springframework.web.servlet.resource.ResourceHttpRequestHandler]
2020-11-04 09:23:25,555 INFO o.s.w.s.h.AbstractUrlHandlerMapping [restartedMain] Mapped URL path [/**] onto handler of type [class org.springframework.web.servlet.resource.ResourceHttpRequestHandler]
2020-11-04 09:23:25,574 INFO o.s.w.s.h.AbstractUrlHandlerMapping [restartedMain] Mapped URL path [/**/favicon.ico] onto handler of type [class org.springframework.web.servlet.resource.ResourceHttpRequestHandler]
2020-11-04 09:23:25,720 INFO o.s.w.s.h.AbstractHandlerMethodMapping$MappingRegistry [restartedMain] Mapped "{[/heapdump || /heapdump.json],methods=[GET],produces=[application/octet-stream]}" onto public void org.springframework.boot.actuate.endpoint.mvc.HeapdumpMvcEndpoint.invoke(boolean,javax.servlet.http.HttpServletRequest,javax.servlet.http.HttpServletResponse) throws java.io.IOException,javax.servlet.ServletException
2020-11-04 09:23:25,721 INFO o.s.w.s.h.AbstractHandlerMethodMapping$MappingRegistry [restartedMain] Mapped "{[/configprops || /configprops.json],methods=[GET],produces=[application/vnd.spring-boot.actuator.v1+json || application/json]}" onto public java.lang.Object org.springframework.boot.actuate.endpoint.mvc.EndpointMvcAdapter.invoke()
2020-11-04 09:23:25,723 INFO o.s.w.s.h.AbstractHandlerMethodMapping$MappingRegistry [restartedMain] Mapped "{[/loggers/{name:.*}],methods=[GET],produces=[application/vnd.spring-boot.actuator.v1+json || application/json]}" onto public java.lang.Object org.springframework.boot.actuate.endpoint.mvc.LoggersMvcEndpoint.get(java.lang.String)
2020-11-04 09:23:25,724 INFO o.s.w.s.h.AbstractHandlerMethodMapping$MappingRegistry [restartedMain] Mapped "{[/loggers/{name:.*}],methods=[POST],consumes=[application/vnd.spring-boot.actuator.v1+json || application/json],produces=[application/vnd.spring-boot.actuator.v1+json || application/json]}" onto public java.lang.Object org.springframework.boot.actuate.endpoint.mvc.LoggersMvcEndpoint.set(java.lang.String,java.util.Map<java.lang.String, java.lang.String>)
2020-11-04 09:23:25,725 INFO o.s.w.s.h.AbstractHandlerMethodMapping$MappingRegistry [restartedMain] Mapped "{[/loggers || /loggers.json],methods=[GET],produces=[application/vnd.spring-boot.actuator.v1+json || application/json]}" onto public java.lang.Object org.springframework.boot.actuate.endpoint.mvc.EndpointMvcAdapter.invoke()
2020-11-04 09:23:25,727 INFO o.s.w.s.h.AbstractHandlerMethodMapping$MappingRegistry [restartedMain] Mapped "{[/dump || /dump.json],methods=[GET],produces=[application/vnd.spring-boot.actuator.v1+json || application/json]}" onto public java.lang.Object org.springframework.boot.actuate.endpoint.mvc.EndpointMvcAdapter.invoke()
2020-11-04 09:23:25,729 INFO o.s.w.s.h.AbstractHandlerMethodMapping$MappingRegistry [restartedMain] Mapped "{[/metrics/{name:.*}],methods=[GET],produces=[application/vnd.spring-boot.actuator.v1+json || application/json]}" onto public java.lang.Object org.springframework.boot.actuate.endpoint.mvc.MetricsMvcEndpoint.value(java.lang.String)
2020-11-04 09:23:25,730 INFO o.s.w.s.h.AbstractHandlerMethodMapping$MappingRegistry [restartedMain] Mapped "{[/metrics || /metrics.json],methods=[GET],produces=[application/vnd.spring-boot.actuator.v1+json || application/json]}" onto public java.lang.Object org.springframework.boot.actuate.endpoint.mvc.EndpointMvcAdapter.invoke()
2020-11-04 09:23:25,731 INFO o.s.w.s.h.AbstractHandlerMethodMapping$MappingRegistry [restartedMain] Mapped "{[/autoconfig || /autoconfig.json],methods=[GET],produces=[application/vnd.spring-boot.actuator.v1+json || application/json]}" onto public java.lang.Object org.springframework.boot.actuate.endpoint.mvc.EndpointMvcAdapter.invoke()
2020-11-04 09:23:25,733 INFO o.s.w.s.h.AbstractHandlerMethodMapping$MappingRegistry [restartedMain] Mapped "{[/health || /health.json],methods=[GET],produces=[application/vnd.spring-boot.actuator.v1+json || application/json]}" onto public java.lang.Object org.springframework.boot.actuate.endpoint.mvc.HealthMvcEndpoint.invoke(javax.servlet.http.HttpServletRequest,java.security.Principal)
2020-11-04 09:23:25,734 INFO o.s.w.s.h.AbstractHandlerMethodMapping$MappingRegistry [restartedMain] Mapped "{[/info || /info.json],methods=[GET],produces=[application/vnd.spring-boot.actuator.v1+json || application/json]}" onto public java.lang.Object org.springframework.boot.actuate.endpoint.mvc.EndpointMvcAdapter.invoke()
2020-11-04 09:23:25,737 INFO o.s.w.s.h.AbstractHandlerMethodMapping$MappingRegistry [restartedMain] Mapped "{[/auditevents || /auditevents.json],methods=[GET],produces=[application/vnd.spring-boot.actuator.v1+json || application/json]}" onto public org.springframework.http.ResponseEntity<?> org.springframework.boot.actuate.endpoint.mvc.AuditEventsMvcEndpoint.findByPrincipalAndAfterAndType(java.lang.String,java.util.Date,java.lang.String)
2020-11-04 09:23:25,738 INFO o.s.w.s.h.AbstractHandlerMethodMapping$MappingRegistry [restartedMain] Mapped "{[/beans || /beans.json],methods=[GET],produces=[application/vnd.spring-boot.actuator.v1+json || application/json]}" onto public java.lang.Object org.springframework.boot.actuate.endpoint.mvc.EndpointMvcAdapter.invoke()
2020-11-04 09:23:25,740 INFO o.s.w.s.h.AbstractHandlerMethodMapping$MappingRegistry [restartedMain] Mapped "{[/trace || /trace.json],methods=[GET],produces=[application/vnd.spring-boot.actuator.v1+json || application/json]}" onto public java.lang.Object org.springframework.boot.actuate.endpoint.mvc.EndpointMvcAdapter.invoke()
2020-11-04 09:23:25,741 INFO o.s.w.s.h.AbstractHandlerMethodMapping$MappingRegistry [restartedMain] Mapped "{[/mappings || /mappings.json],methods=[GET],produces=[application/vnd.spring-boot.actuator.v1+json || application/json]}" onto public java.lang.Object org.springframework.boot.actuate.endpoint.mvc.EndpointMvcAdapter.invoke()
2020-11-04 09:23:25,744 INFO o.s.w.s.h.AbstractHandlerMethodMapping$MappingRegistry [restartedMain] Mapped "{[/env/{name:.*}],methods=[GET],produces=[application/vnd.spring-boot.actuator.v1+json || application/json]}" onto public java.lang.Object org.springframework.boot.actuate.endpoint.mvc.EnvironmentMvcEndpoint.value(java.lang.String)
2020-11-04 09:23:25,744 INFO o.s.w.s.h.AbstractHandlerMethodMapping$MappingRegistry [restartedMain] Mapped "{[/env || /env.json],methods=[GET],produces=[application/vnd.spring-boot.actuator.v1+json || application/json]}" onto public java.lang.Object org.springframework.boot.actuate.endpoint.mvc.EndpointMvcAdapter.invoke()
2020-11-04 09:23:25,808 INFO o.s.b.d.a.OptionalLiveReloadServer [restartedMain] LiveReload server is running on port 35729
2020-11-04 09:23:25,875 INFO o.s.j.e.MBeanExporter [restartedMain] Registering beans for JMX exposure on startup
2020-11-04 09:23:25,880 INFO o.s.j.e.MBeanExporter [restartedMain] Registering beans for JMX exposure on startup
2020-11-04 09:23:25,883 INFO o.s.c.s.DefaultLifecycleProcessor$LifecycleGroup [restartedMain] Starting beans in phase 0
2020-11-04 09:23:25,885 INFO o.s.j.e.MBeanExporter [restartedMain] Located managed bean 'auditEventsEndpoint': registering with JMX server as MBean [org.springframework.boot:type=Endpoint,name=auditEventsEndpoint]
2020-11-04 09:23:25,890 INFO o.s.j.e.MBeanExporter [restartedMain] Located managed bean 'requestMappingEndpoint': registering with JMX server as MBean [org.springframework.boot:type=Endpoint,name=requestMappingEndpoint]
2020-11-04 09:23:25,895 INFO o.s.j.e.MBeanExporter [restartedMain] Located managed bean 'environmentEndpoint': registering with JMX server as MBean [org.springframework.boot:type=Endpoint,name=environmentEndpoint]
2020-11-04 09:23:25,900 INFO o.s.j.e.MBeanExporter [restartedMain] Located managed bean 'healthEndpoint': registering with JMX server as MBean [org.springframework.boot:type=Endpoint,name=healthEndpoint]
2020-11-04 09:23:25,903 INFO o.s.j.e.MBeanExporter [restartedMain] Located managed bean 'beansEndpoint': registering with JMX server as MBean [org.springframework.boot:type=Endpoint,name=beansEndpoint]
2020-11-04 09:23:25,907 INFO o.s.j.e.MBeanExporter [restartedMain] Located managed bean 'infoEndpoint': registering with JMX server as MBean [org.springframework.boot:type=Endpoint,name=infoEndpoint]
2020-11-04 09:23:25,910 INFO o.s.j.e.MBeanExporter [restartedMain] Located managed bean 'loggersEndpoint': registering with JMX server as MBean [org.springframework.boot:type=Endpoint,name=loggersEndpoint]
2020-11-04 09:23:25,915 INFO o.s.j.e.MBeanExporter [restartedMain] Located managed bean 'metricsEndpoint': registering with JMX server as MBean [org.springframework.boot:type=Endpoint,name=metricsEndpoint]
2020-11-04 09:23:25,919 INFO o.s.j.e.MBeanExporter [restartedMain] Located managed bean 'traceEndpoint': registering with JMX server as MBean [org.springframework.boot:type=Endpoint,name=traceEndpoint]
2020-11-04 09:23:25,923 INFO o.s.j.e.MBeanExporter [restartedMain] Located managed bean 'dumpEndpoint': registering with JMX server as MBean [org.springframework.boot:type=Endpoint,name=dumpEndpoint]
2020-11-04 09:23:25,926 INFO o.s.j.e.MBeanExporter [restartedMain] Located managed bean 'autoConfigurationReportEndpoint': registering with JMX server as MBean [org.springframework.boot:type=Endpoint,name=autoConfigurationReportEndpoint]
2020-11-04 09:23:25,929 INFO o.s.j.e.MBeanExporter [restartedMain] Located managed bean 'configurationPropertiesReportEndpoint': registering with JMX server as MBean [org.springframework.boot:type=Endpoint,name=configurationPropertiesReportEndpoint]
2020-11-04 09:23:25,940 INFO o.a.j.l.DirectJDKLog [restartedMain] Starting ProtocolHandler ["http-nio-8770"]
2020-11-04 09:23:25,944 INFO o.a.j.l.DirectJDKLog [restartedMain] Using a shared selector for servlet write/read
2020-11-04 09:23:25,956 INFO o.s.b.c.e.t.TomcatEmbeddedServletContainer [restartedMain] Tomcat started on port(s): 8770 (http)
2020-11-04 09:23:25,959 INFO o.s.b.StartupInfoLogger [restartedMain] Started SimpleRestApisApplication in 2.282 seconds (JVM running for 58864.775)
2020-11-04 09:24:05,177 INFO o.s.c.s.AbstractApplicationContext [Thread-34] Closing org.springframework.boot.context.embedded.AnnotationConfigEmbeddedWebApplicationContext@57c5f718: startup date [Wed Nov 04 09:23:23 IST 2020]; root of context hierarchy
2020-11-04 09:24:05,179 INFO o.s.c.s.DefaultLifecycleProcessor$LifecycleGroup [Thread-34] Stopping beans in phase 0
2020-11-04 09:24:05,179 INFO o.s.j.e.MBeanExporter [Thread-34] Unregistering JMX-exposed beans on shutdown
2020-11-04 09:24:05,180 INFO o.s.j.s.MBeanRegistrationSupport [Thread-34] Unregistering JMX-exposed beans
2020-11-04 09:24:05,180 INFO o.s.j.e.MBeanExporter [Thread-34] Unregistering JMX-exposed beans on shutdown
2020-11-04 09:24:05,960 INFO o.s.b.StartupInfoLogger [restartedMain] Starting SimpleRestApisApplication on BLRNIT90532VV with PID 17276 (started by smallika in C:\Users\smallika\Downloads\GF_Project\eCAP\sample-rest-service-1.0.0-SNAPSHOT- sources\sample-rest-service)
2020-11-04 09:24:05,961 DEBUG o.s.b.StartupInfoLogger [restartedMain] Running with Spring Boot v1.5.21.RELEASE, Spring v4.3.24.RELEASE
2020-11-04 09:24:05,962 INFO o.s.b.SpringApplication [restartedMain] No active profile set, falling back to default profiles: default
2020-11-04 09:24:05,967 INFO o.s.c.s.AbstractApplicationContext [restartedMain] Refreshing org.springframework.boot.context.embedded.AnnotationConfigEmbeddedWebApplicationContext@5abc0d6b: startup date [Wed Nov 04 09:24:05 IST 2020]; root of context hierarchy
2020-11-04 09:24:06,023 INFO o.s.c.a.ConfigurationClassParser [restartedMain] Properties location [file:./properties/sample-rest-service.properties] not resolvable: .\properties\sample-rest-service.properties (The system cannot find the path specified)
2020-11-04 09:24:07,120 INFO o.s.b.c.e.t.TomcatEmbeddedServletContainer [restartedMain] Tomcat initialized with port(s): 8080 (http)
2020-11-04 09:24:07,123 INFO o.a.j.l.DirectJDKLog [restartedMain] Initializing ProtocolHandler ["http-nio-8080"]
2020-11-04 09:24:07,124 INFO o.a.j.l.DirectJDKLog [restartedMain] Starting service [Tomcat]
2020-11-04 09:24:07,125 INFO o.a.j.l.DirectJDKLog [restartedMain] Starting Servlet Engine: Apache Tomcat/8.5.40
2020-11-04 09:24:07,178 INFO o.a.j.l.DirectJDKLog [localhost-startStop-1] Initializing Spring embedded WebApplicationContext
2020-11-04 09:24:07,179 INFO o.s.b.c.e.EmbeddedWebApplicationContext [localhost-startStop-1] Root WebApplicationContext: initialization completed in 1211 ms
2020-11-04 09:24:07,283 INFO o.s.b.w.s.ServletRegistrationBean [localhost-startStop-1] Mapping servlet: 'dispatcherServlet' to [/]
2020-11-04 09:24:07,284 INFO o.s.b.w.s.AbstractFilterRegistrationBean [localhost-startStop-1] Mapping filter: 'metricsFilter' to: [/*]
2020-11-04 09:24:07,285 INFO o.s.b.w.s.AbstractFilterRegistrationBean [localhost-startStop-1] Mapping filter: 'characterEncodingFilter' to: [/*]
2020-11-04 09:24:07,287 INFO o.s.b.w.s.AbstractFilterRegistrationBean [localhost-startStop-1] Mapping filter: 'hiddenHttpMethodFilter' to: [/*]
2020-11-04 09:24:07,288 INFO o.s.b.w.s.AbstractFilterRegistrationBean [localhost-startStop-1] Mapping filter: 'httpPutFormContentFilter' to: [/*]
2020-11-04 09:24:07,288 INFO o.s.b.w.s.AbstractFilterRegistrationBean [localhost-startStop-1] Mapping filter: 'requestContextFilter' to: [/*]
2020-11-04 09:24:07,289 INFO o.s.b.w.s.AbstractFilterRegistrationBean [localhost-startStop-1] Mapping filter: 'webRequestLoggingFilter' to: [/*]
2020-11-04 09:24:07,289 INFO o.s.b.w.s.AbstractFilterRegistrationBean [localhost-startStop-1] Mapping filter: 'logFilter' to: [/*]
2020-11-04 09:24:07,289 INFO o.s.b.w.s.AbstractFilterRegistrationBean [localhost-startStop-1] Mapping filter: 'applicationContextIdFilter' to: [/*]
2020-11-04 09:24:07,291 DEBUG o.s.w.f.GenericFilterBean [localhost-startStop-1] Initializing filter 'logFilter'
2020-11-04 09:24:07,292 DEBUG o.s.w.f.GenericFilterBean [localhost-startStop-1] Filter 'logFilter' configured successfully
2020-11-04 09:24:07,476 INFO o.s.w.s.m.m.a.RequestMappingHandlerAdapter [restartedMain] Looking for @ControllerAdvice: org.springframework.boot.context.embedded.AnnotationConfigEmbeddedWebApplicationContext@5abc0d6b: startup date [Wed Nov 04 09:24:05 IST 2020]; root of context hierarchy
2020-11-04 09:24:07,486 INFO o.s.w.s.h.AbstractHandlerMethodMapping$MappingRegistry [restartedMain] Mapped "{[/GetLotHistory],methods=[POST],consumes=[application/json;charset=UTF-8],produces=[application/json;charset=UTF-8]}" onto public com.camline.products.ecap.external.service.handler.model.GetLotHistoryResponseSample com.camline.products.ecap.external.service.handler.controller.SampleService.GetLotHistory(com.camline.products.ecap.external.service.handler.model.GetLotHistoryRequestSample)
2020-11-04 09:24:07,487 INFO o.s.w.s.h.AbstractHandlerMethodMapping$MappingRegistry [restartedMain] Mapped "{[/sample],methods=[GET]}" onto public com.camline.products.ecap.external.service.handler.model.Sample com.camline.products.ecap.external.service.handler.controller.SampleService.getSample()
2020-11-04 09:24:07,488 INFO o.s.w.s.h.AbstractHandlerMethodMapping$MappingRegistry [restartedMain] Mapped "{[/in5out5Post],methods=[POST],consumes=[application/json;charset=UTF-8],produces=[application/json;charset=UTF-8]}" onto public com.camline.products.ecap.external.service.handler.model.SampleResponseForWebService1 com.camline.products.ecap.external.service.handler.controller.SampleService.in5out5Post(com.camline.products.ecap.external.service.handler.model.SampleRequestForWebService1)
2020-11-04 09:24:07,490 INFO o.s.w.s.h.AbstractHandlerMethodMapping$MappingRegistry [restartedMain] Mapped "{[/in3out2Get],methods=[GET]}" onto public com.camline.products.ecap.external.service.handler.model.Sample com.camline.products.ecap.external.service.handler.controller.SampleService.in3out2Get(java.lang.String,int,int)
2020-11-04 09:24:07,491 INFO o.s.w.s.h.AbstractHandlerMethodMapping$MappingRegistry [restartedMain] Mapped "{[/in3out2Post],methods=[POST],consumes=[application/json;charset=UTF-8],produces=[application/json;charset=UTF-8]}" onto public com.camline.products.ecap.external.service.handler.model.Sample com.camline.products.ecap.external.service.handler.controller.SampleService.in3out2Post(com.camline.products.ecap.external.service.handler.model.SampleRequestObject)
2020-11-04 09:24:07,492 INFO o.s.w.s.h.AbstractHandlerMethodMapping$MappingRegistry [restartedMain] Mapped "{[/in12out12Post],methods=[POST],consumes=[application/json;charset=UTF-8],produces=[application/json;charset=UTF-8]}" onto public com.camline.products.ecap.external.service.handler.model.SampleResponseForWebService2 com.camline.products.ecap.external.service.handler.controller.SampleService.in12out12Post(com.camline.products.ecap.external.service.handler.model.SampleRequestForWebService2)
2020-11-04 09:24:07,493 INFO o.s.w.s.h.AbstractHandlerMethodMapping$MappingRegistry [restartedMain] Mapped "{[/PostLotHistory/{SectionID}],methods=[POST],consumes=[application/json;charset=UTF-8],produces=[application/json;charset=UTF-8]}" onto public com.camline.products.ecap.external.service.handler.model.GetLotHistoryResponseSample com.camline.products.ecap.external.service.handler.controller.SampleService.PostLotHistory(java.lang.String,com.camline.products.ecap.external.service.handler.model.GetLotHistoryRequestSample)
2020-11-04 09:24:07,495 INFO o.s.w.s.h.AbstractHandlerMethodMapping$MappingRegistry [restartedMain] Mapped "{[/PostLotHistorywithName/{LotID}/Siddharth],methods=[POST],consumes=[application/json;charset=UTF-8],produces=[application/json;charset=UTF-8]}" onto public com.camline.products.ecap.external.service.handler.model.GetLotHistoryResponseSample com.camline.products.ecap.external.service.handler.controller.SampleService.PostLotHistoryWithOptional(java.lang.String,com.camline.products.ecap.external.service.handler.model.GetLotHistoryRequestSample)
2020-11-04 09:24:07,495 INFO o.s.w.s.h.AbstractHandlerMethodMapping$MappingRegistry [restartedMain] Mapped "{[/GetLotHistoryUsingURIParam/{LotID}/{MaxNumSteps}],methods=[GET],produces=[application/json;charset=UTF-8]}" onto public com.camline.products.ecap.external.service.handler.model.GetLotHistoryResponseSample com.camline.products.ecap.external.service.handler.controller.SampleService.getInstanceUsingURIParam(java.lang.String,java.lang.Integer)
2020-11-04 09:24:07,495 INFO o.s.w.s.h.AbstractHandlerMethodMapping$MappingRegistry [restartedMain] Mapped "{[/GetLotHistoryUsingQueryParam],methods=[GET],produces=[application/json;charset=UTF-8]}" onto public com.camline.products.ecap.external.service.handler.model.GetLotHistoryResponseSample com.camline.products.ecap.external.service.handler.controller.SampleService.getTemplateUsingQueryParam(java.lang.String,java.lang.String)
2020-11-04 09:24:07,495 INFO o.s.w.s.h.AbstractHandlerMethodMapping$MappingRegistry [restartedMain] Mapped "{[/GetLotHistoryUsingURIQueryParam/{LotID}/{MaxNumSteps}],methods=[GET],produces=[application/json;charset=UTF-8]}" onto public com.camline.products.ecap.external.service.handler.model.GetLotHistoryResponseSample com.camline.products.ecap.external.service.handler.controller.SampleService.getInstanceUsingURIQueryParam(java.lang.String,java.lang.Integer,java.lang.String,java.lang.String)
2020-11-04 09:24:07,497 INFO o.s.w.s.h.AbstractHandlerMethodMapping$MappingRegistry [restartedMain] Mapped "{[/error]}" onto public org.springframework.http.ResponseEntity<java.util.Map<java.lang.String, java.lang.Object>> org.springframework.boot.autoconfigure.web.BasicErrorController.error(javax.servlet.http.HttpServletRequest)
2020-11-04 09:24:07,498 INFO o.s.w.s.h.AbstractHandlerMethodMapping$MappingRegistry [restartedMain] Mapped "{[/error],produces=[text/html]}" onto public org.springframework.web.servlet.ModelAndView org.springframework.boot.autoconfigure.web.BasicErrorController.errorHtml(javax.servlet.http.HttpServletRequest,javax.servlet.http.HttpServletResponse)
2020-11-04 09:24:07,507 INFO o.s.w.s.h.AbstractUrlHandlerMapping [restartedMain] Mapped URL path [/webjars/**] onto handler of type [class org.springframework.web.servlet.resource.ResourceHttpRequestHandler]
2020-11-04 09:24:07,508 INFO o.s.w.s.h.AbstractUrlHandlerMapping [restartedMain] Mapped URL path [/**] onto handler of type [class org.springframework.web.servlet.resource.ResourceHttpRequestHandler]
2020-11-04 09:24:07,526 INFO o.s.w.s.h.AbstractUrlHandlerMapping [restartedMain] Mapped URL path [/**/favicon.ico] onto handler of type [class org.springframework.web.servlet.resource.ResourceHttpRequestHandler]
2020-11-04 09:24:07,635 INFO o.s.w.s.h.AbstractHandlerMethodMapping$MappingRegistry [restartedMain] Mapped "{[/metrics/{name:.*}],methods=[GET],produces=[application/vnd.spring-boot.actuator.v1+json || application/json]}" onto public java.lang.Object org.springframework.boot.actuate.endpoint.mvc.MetricsMvcEndpoint.value(java.lang.String)
2020-11-04 09:24:07,636 INFO o.s.w.s.h.AbstractHandlerMethodMapping$MappingRegistry [restartedMain] Mapped "{[/metrics || /metrics.json],methods=[GET],produces=[application/vnd.spring-boot.actuator.v1+json || application/json]}" onto public java.lang.Object org.springframework.boot.actuate.endpoint.mvc.EndpointMvcAdapter.invoke()
2020-11-04 09:24:07,637 INFO o.s.w.s.h.AbstractHandlerMethodMapping$MappingRegistry [restartedMain] Mapped "{[/dump || /dump.json],methods=[GET],produces=[application/vnd.spring-boot.actuator.v1+json || application/json]}" onto public java.lang.Object org.springframework.boot.actuate.endpoint.mvc.EndpointMvcAdapter.invoke()
2020-11-04 09:24:07,638 INFO o.s.w.s.h.AbstractHandlerMethodMapping$MappingRegistry [restartedMain] Mapped "{[/configprops || /configprops.json],methods=[GET],produces=[application/vnd.spring-boot.actuator.v1+json || application/json]}" onto public java.lang.Object org.springframework.boot.actuate.endpoint.mvc.EndpointMvcAdapter.invoke()
2020-11-04 09:24:07,638 INFO o.s.w.s.h.AbstractHandlerMethodMapping$MappingRegistry [restartedMain] Mapped "{[/health || /health.json],methods=[GET],produces=[application/vnd.spring-boot.actuator.v1+json || application/json]}" onto public java.lang.Object org.springframework.boot.actuate.endpoint.mvc.HealthMvcEndpoint.invoke(javax.servlet.http.HttpServletRequest,java.security.Principal)
2020-11-04 09:24:07,640 INFO o.s.w.s.h.AbstractHandlerMethodMapping$MappingRegistry [restartedMain] Mapped "{[/autoconfig || /autoconfig.json],methods=[GET],produces=[application/vnd.spring-boot.actuator.v1+json || application/json]}" onto public java.lang.Object org.springframework.boot.actuate.endpoint.mvc.EndpointMvcAdapter.invoke()
2020-11-04 09:24:07,641 INFO o.s.w.s.h.AbstractHandlerMethodMapping$MappingRegistry [restartedMain] Mapped "{[/heapdump || /heapdump.json],methods=[GET],produces=[application/octet-stream]}" onto public void org.springframework.boot.actuate.endpoint.mvc.HeapdumpMvcEndpoint.invoke(boolean,javax.servlet.http.HttpServletRequest,javax.servlet.http.HttpServletResponse) throws java.io.IOException,javax.servlet.ServletException
2020-11-04 09:24:07,642 INFO o.s.w.s.h.AbstractHandlerMethodMapping$MappingRegistry [restartedMain] Mapped "{[/trace || /trace.json],methods=[GET],produces=[application/vnd.spring-boot.actuator.v1+json || application/json]}" onto public java.lang.Object org.springframework.boot.actuate.endpoint.mvc.EndpointMvcAdapter.invoke()
2020-11-04 09:24:07,643 INFO o.s.w.s.h.AbstractHandlerMethodMapping$MappingRegistry [restartedMain] Mapped "{[/beans || /beans.json],methods=[GET],produces=[application/vnd.spring-boot.actuator.v1+json || application/json]}" onto public java.lang.Object org.springframework.boot.actuate.endpoint.mvc.EndpointMvcAdapter.invoke()
2020-11-04 09:24:07,644 INFO o.s.w.s.h.AbstractHandlerMethodMapping$MappingRegistry [restartedMain] Mapped "{[/info || /info.json],methods=[GET],produces=[application/vnd.spring-boot.actuator.v1+json || application/json]}" onto public java.lang.Object org.springframework.boot.actuate.endpoint.mvc.EndpointMvcAdapter.invoke()
2020-11-04 09:24:07,645 INFO o.s.w.s.h.AbstractHandlerMethodMapping$MappingRegistry [restartedMain] Mapped "{[/loggers/{name:.*}],methods=[GET],produces=[application/vnd.spring-boot.actuator.v1+json || application/json]}" onto public java.lang.Object org.springframework.boot.actuate.endpoint.mvc.LoggersMvcEndpoint.get(java.lang.String)
2020-11-04 09:24:07,646 INFO o.s.w.s.h.AbstractHandlerMethodMapping$MappingRegistry [restartedMain] Mapped "{[/loggers/{name:.*}],methods=[POST],consumes=[application/vnd.spring-boot.actuator.v1+json || application/json],produces=[application/vnd.spring-boot.actuator.v1+json || application/json]}" onto public java.lang.Object org.springframework.boot.actuate.endpoint.mvc.LoggersMvcEndpoint.set(java.lang.String,java.util.Map<java.lang.String, java.lang.String>)
2020-11-04 09:24:07,647 INFO o.s.w.s.h.AbstractHandlerMethodMapping$MappingRegistry [restartedMain] Mapped "{[/loggers || /loggers.json],methods=[GET],produces=[application/vnd.spring-boot.actuator.v1+json || application/json]}" onto public java.lang.Object org.springframework.boot.actuate.endpoint.mvc.EndpointMvcAdapter.invoke()
2020-11-04 09:24:07,647 INFO o.s.w.s.h.AbstractHandlerMethodMapping$MappingRegistry [restartedMain] Mapped "{[/auditevents || /auditevents.json],methods=[GET],produces=[application/vnd.spring-boot.actuator.v1+json || application/json]}" onto public org.springframework.http.ResponseEntity<?> org.springframework.boot.actuate.endpoint.mvc.AuditEventsMvcEndpoint.findByPrincipalAndAfterAndType(java.lang.String,java.util.Date,java.lang.String)
2020-11-04 09:24:07,650 INFO o.s.w.s.h.AbstractHandlerMethodMapping$MappingRegistry [restartedMain] Mapped "{[/env/{name:.*}],methods=[GET],produces=[application/vnd.spring-boot.actuator.v1+json || application/json]}" onto public java.lang.Object org.springframework.boot.actuate.endpoint.mvc.EnvironmentMvcEndpoint.value(java.lang.String)
2020-11-04 09:24:07,651 INFO o.s.w.s.h.AbstractHandlerMethodMapping$MappingRegistry [restartedMain] Mapped "{[/env || /env.json],methods=[GET],produces=[application/vnd.spring-boot.actuator.v1+json || application/json]}" onto public java.lang.Object org.springframework.boot.actuate.endpoint.mvc.EndpointMvcAdapter.invoke()
2020-11-04 09:24:07,651 INFO o.s.w.s.h.AbstractHandlerMethodMapping$MappingRegistry [restartedMain] Mapped "{[/mappings || /mappings.json],methods=[GET],produces=[application/vnd.spring-boot.actuator.v1+json || application/json]}" onto public java.lang.Object org.springframework.boot.actuate.endpoint.mvc.EndpointMvcAdapter.invoke()
2020-11-04 09:24:07,707 INFO o.s.b.d.a.OptionalLiveReloadServer [restartedMain] LiveReload server is running on port 35729
2020-11-04 09:24:07,751 INFO o.s.j.e.MBeanExporter [restartedMain] Registering beans for JMX exposure on startup
2020-11-04 09:24:07,755 INFO o.s.j.e.MBeanExporter [restartedMain] Registering beans for JMX exposure on startup
2020-11-04 09:24:07,757 INFO o.s.c.s.DefaultLifecycleProcessor$LifecycleGroup [restartedMain] Starting beans in phase 0
2020-11-04 09:24:07,758 INFO o.s.j.e.MBeanExporter [restartedMain] Located managed bean 'auditEventsEndpoint': registering with JMX server as MBean [org.springframework.boot:type=Endpoint,name=auditEventsEndpoint]
2020-11-04 09:24:07,763 INFO o.s.j.e.MBeanExporter [restartedMain] Located managed bean 'requestMappingEndpoint': registering with JMX server as MBean [org.springframework.boot:type=Endpoint,name=requestMappingEndpoint]
2020-11-04 09:24:07,767 INFO o.s.j.e.MBeanExporter [restartedMain] Located managed bean 'environmentEndpoint': registering with JMX server as MBean [org.springframework.boot:type=Endpoint,name=environmentEndpoint]
2020-11-04 09:24:07,770 INFO o.s.j.e.MBeanExporter [restartedMain] Located managed bean 'healthEndpoint': registering with JMX server as MBean [org.springframework.boot:type=Endpoint,name=healthEndpoint]
2020-11-04 09:24:07,775 INFO o.s.j.e.MBeanExporter [restartedMain] Located managed bean 'beansEndpoint': registering with JMX server as MBean [org.springframework.boot:type=Endpoint,name=beansEndpoint]
2020-11-04 09:24:07,778 INFO o.s.j.e.MBeanExporter [restartedMain] Located managed bean 'infoEndpoint': registering with JMX server as MBean [org.springframework.boot:type=Endpoint,name=infoEndpoint]
2020-11-04 09:24:07,781 INFO o.s.j.e.MBeanExporter [restartedMain] Located managed bean 'loggersEndpoint': registering with JMX server as MBean [org.springframework.boot:type=Endpoint,name=loggersEndpoint]
2020-11-04 09:24:07,787 INFO o.s.j.e.MBeanExporter [restartedMain] Located managed bean 'metricsEndpoint': registering with JMX server as MBean [org.springframework.boot:type=Endpoint,name=metricsEndpoint]
2020-11-04 09:24:07,790 INFO o.s.j.e.MBeanExporter [restartedMain] Located managed bean 'traceEndpoint': registering with JMX server as MBean [org.springframework.boot:type=Endpoint,name=traceEndpoint]
2020-11-04 09:24:07,794 INFO o.s.j.e.MBeanExporter [restartedMain] Located managed bean 'dumpEndpoint': registering with JMX server as MBean [org.springframework.boot:type=Endpoint,name=dumpEndpoint]
2020-11-04 09:24:07,797 INFO o.s.j.e.MBeanExporter [restartedMain] Located managed bean 'autoConfigurationReportEndpoint': registering with JMX server as MBean [org.springframework.boot:type=Endpoint,name=autoConfigurationReportEndpoint]
2020-11-04 09:24:07,801 INFO o.s.j.e.MBeanExporter [restartedMain] Located managed bean 'configurationPropertiesReportEndpoint': registering with JMX server as MBean [org.springframework.boot:type=Endpoint,name=configurationPropertiesReportEndpoint]
2020-11-04 09:24:07,809 INFO o.a.j.l.DirectJDKLog [restartedMain] Starting ProtocolHandler ["http-nio-8080"]
2020-11-04 09:24:07,814 ERROR o.a.j.l.DirectJDKLog [restartedMain] Failed to start connector [Connector[HTTP/1.1-8080]]
org.apache.catalina.LifecycleException: Failed to start component [Connector[HTTP/1.1-8080]]
	at org.apache.catalina.util.LifecycleBase.start(LifecycleBase.java:167) ~[tomcat-embed-core-8.5.40.jar:8.5.40]
	at org.apache.catalina.core.StandardService.addConnector(StandardService.java:225) [tomcat-embed-core-8.5.40.jar:8.5.40]
	at org.springframework.boot.context.embedded.tomcat.TomcatEmbeddedServletContainer.addPreviouslyRemovedConnectors(TomcatEmbeddedServletContainer.java:265) [spring-boot-1.5.21.RELEASE.jar:1.5.21.RELEASE]
	at org.springframework.boot.context.embedded.tomcat.TomcatEmbeddedServletContainer.start(TomcatEmbeddedServletContainer.java:208) [spring-boot-1.5.21.RELEASE.jar:1.5.21.RELEASE]
	at org.springframework.boot.context.embedded.EmbeddedWebApplicationContext.startEmbeddedServletContainer(EmbeddedWebApplicationContext.java:308) [spring-boot-1.5.21.RELEASE.jar:1.5.21.RELEASE]
	at org.springframework.boot.context.embedded.EmbeddedWebApplicationContext.finishRefresh(EmbeddedWebApplicationContext.java:147) [spring-boot-1.5.21.RELEASE.jar:1.5.21.RELEASE]
	at org.springframework.context.support.AbstractApplicationContext.refresh(AbstractApplicationContext.java:545) [spring-context-4.3.24.RELEASE.jar:4.3.24.RELEASE]
	at org.springframework.boot.context.embedded.EmbeddedWebApplicationContext.refresh(EmbeddedWebApplicationContext.java:124) [spring-boot-1.5.21.RELEASE.jar:1.5.21.RELEASE]
	at org.springframework.boot.SpringApplication.refresh(SpringApplication.java:693) [spring-boot-1.5.21.RELEASE.jar:1.5.21.RELEASE]
	at org.springframework.boot.SpringApplication.refreshContext(SpringApplication.java:360) [spring-boot-1.5.21.RELEASE.jar:1.5.21.RELEASE]
	at org.springframework.boot.SpringApplication.run(SpringApplication.java:303) [spring-boot-1.5.21.RELEASE.jar:1.5.21.RELEASE]
	at org.springframework.boot.SpringApplication.run(SpringApplication.java:1118) [spring-boot-1.5.21.RELEASE.jar:1.5.21.RELEASE]
	at org.springframework.boot.SpringApplication.run(SpringApplication.java:1107) [spring-boot-1.5.21.RELEASE.jar:1.5.21.RELEASE]
	at com.camline.products.ecap.external.service.handler.server.SimpleRestApisApplication.main(SimpleRestApisApplication.java:9) [classes/:?]
	at sun.reflect.NativeMethodAccessorImpl.invoke0(Native Method) ~[?:1.8.0_181]
	at sun.reflect.NativeMethodAccessorImpl.invoke(NativeMethodAccessorImpl.java:62) ~[?:1.8.0_181]
	at sun.reflect.DelegatingMethodAccessorImpl.invoke(DelegatingMethodAccessorImpl.java:43) ~[?:1.8.0_181]
	at java.lang.reflect.Method.invoke(Method.java:498) ~[?:1.8.0_181]
	at org.springframework.boot.devtools.restart.RestartLauncher.run(RestartLauncher.java:49) [spring-boot-devtools-1.5.21.RELEASE.jar:1.5.21.RELEASE]
Caused by: org.apache.catalina.LifecycleException: Protocol handler start failed
	at org.apache.catalina.connector.Connector.startInternal(Connector.java:1020) ~[tomcat-embed-core-8.5.40.jar:8.5.40]
	at org.apache.catalina.util.LifecycleBase.start(LifecycleBase.java:150) ~[tomcat-embed-core-8.5.40.jar:8.5.40]
	... 18 more
Caused by: java.net.BindException: Address already in use: bind
	at sun.nio.ch.Net.bind0(Native Method) ~[?:1.8.0_181]
	at sun.nio.ch.Net.bind(Net.java:433) ~[?:1.8.0_181]
	at sun.nio.ch.Net.bind(Net.java:425) ~[?:1.8.0_181]
	at sun.nio.ch.ServerSocketChannelImpl.bind(ServerSocketChannelImpl.java:223) ~[?:1.8.0_181]
	at sun.nio.ch.ServerSocketAdaptor.bind(ServerSocketAdaptor.java:74) ~[?:1.8.0_181]
	at org.apache.tomcat.util.net.NioEndpoint.bind(NioEndpoint.java:219) ~[tomcat-embed-core-8.5.40.jar:8.5.40]
	at org.apache.tomcat.util.net.AbstractEndpoint.start(AbstractEndpoint.java:1178) ~[tomcat-embed-core-8.5.40.jar:8.5.40]
	at org.apache.coyote.AbstractProtocol.start(AbstractProtocol.java:591) ~[tomcat-embed-core-8.5.40.jar:8.5.40]
	at org.apache.catalina.connector.Connector.startInternal(Connector.java:1018) ~[tomcat-embed-core-8.5.40.jar:8.5.40]
	at org.apache.catalina.util.LifecycleBase.start(LifecycleBase.java:150) ~[tomcat-embed-core-8.5.40.jar:8.5.40]
	... 18 more
2020-11-04 09:24:07,820 INFO o.a.j.l.DirectJDKLog [restartedMain] Pausing ProtocolHandler ["http-nio-8080"]
2020-11-04 09:24:07,821 INFO o.a.j.l.DirectJDKLog [restartedMain] Stopping service [Tomcat]
2020-11-04 09:24:07,830 INFO o.a.j.l.DirectJDKLog [restartedMain] The stop() method was called on component [StandardServer[-1]] after stop() had already been called. The second call will be ignored.
2020-11-04 09:24:07,831 INFO o.a.j.l.DirectJDKLog [restartedMain] Stopping ProtocolHandler ["http-nio-8080"]
2020-11-04 09:24:07,832 INFO o.a.j.l.DirectJDKLog [restartedMain] Destroying ProtocolHandler ["http-nio-8080"]
2020-11-04 09:24:07,842 INFO o.s.b.a.l.AutoConfigurationReportLoggingInitializer [restartedMain] 

Error starting ApplicationContext. To display the auto-configuration report re-run your application with 'debug' enabled.
2020-11-04 09:24:07,852 ERROR o.s.b.d.LoggingFailureAnalysisReporter [restartedMain] 

***************************
APPLICATION FAILED TO START
***************************

Description:

The Tomcat connector configured to listen on port 8080 failed to start. The port may already be in use or the connector may be misconfigured.

Action:

Verify the connector's configuration, identify and stop any process that's listening on port 8080, or configure this application to listen on another port.

2020-11-04 09:24:07,855 INFO o.s.c.s.AbstractApplicationContext [restartedMain] Closing org.springframework.boot.context.embedded.AnnotationConfigEmbeddedWebApplicationContext@5abc0d6b: startup date [Wed Nov 04 09:24:05 IST 2020]; root of context hierarchy
2020-11-04 09:24:07,857 INFO o.s.c.s.DefaultLifecycleProcessor$LifecycleGroup [restartedMain] Stopping beans in phase 0
2020-11-04 09:24:07,858 INFO o.s.j.e.MBeanExporter [restartedMain] Unregistering JMX-exposed beans on shutdown
2020-11-04 09:24:07,858 INFO o.s.j.s.MBeanRegistrationSupport [restartedMain] Unregistering JMX-exposed beans
2020-11-04 09:24:07,859 INFO o.s.j.e.MBeanExporter [restartedMain] Unregistering JMX-exposed beans on shutdown
